Library/Bee/Android/Prj/Mono2x/Gradle/unityLibrary/mobilenotifications.androidlib/build/intermediates/manifest_merge_blame_file/release/manifest-merger-blame-release-report.txt
1<?xml version="1.0" encoding="utf-8"?>
2<manifest xmlns:android="http://schemas.android.com/apk/res/android"
3    package="com.unity.androidnotifications" >
4
5    <uses-sdk android:minSdkVersion="22" />
5-->src\main\AndroidManifest.xml
6
7    <uses-permission android:name="android.permission.POST_NOTIFICATIONS" />
7-->src\main\AndroidManifest.xml:6:3-75
7-->src\main\AndroidManifest.xml:6:20-72
8
9    <application>
9-->src\main\AndroidManifest.xml:2:3-5:17
10        <receiver
10-->src\main\AndroidManifest.xml:3:5-113
11            android:name="com.unity.androidnotifications.UnityNotificationManager"
11-->src\main\AndroidManifest.xml:3:15-85
12            android:exported="false" />
12-->src\main\AndroidManifest.xml:3:86-110
13
14        <meta-data
14-->src\main\AndroidManifest.xml:4:5-99
15            android:name="com.unity.androidnotifications.exact_scheduling"
15-->src\main\AndroidManifest.xml:4:16-78
16            android:value="0" />
16-->src\main\AndroidManifest.xml:4:79-96
17    </application>
18
19</manifest>